This is pdfTeX, Version 3.141592-1.40.3 (Web2C 7.5.6) (format=pdflatex 2008.12.24)  30 JAN 2009 12:42
entering extended mode
**readme.tex
(./readme.tex
LaTeX2e <2005/12/01>
Babel <v3.8h> and hyphenation patterns for english, usenglishmax, dumylang, noh
yphenation, basque, bulgarian, coptic, welsh, czech, slovak, german, ngerman, d
anish, esperanto, spanish, catalan, galician, estonian, finnish, french, greek,
 monogreek, ancientgreek, croatian, hungarian, interlingua, ibycus, indonesian,
 icelandic, italian, latin, mongolian, dutch, norsk, polish, portuguese, romani
an, russian, slovenian, uppersorbian, serbian, swedish, turkish, ukenglish, ukr
ainian, loaded.
(/usr/share/texmf/tex/latex/base/article.cls
Document Class: article 2005/09/16 v1.4f Standard LaTeX document class
(/usr/share/texmf/tex/latex/base/size10.clo
File: size10.clo 2005/09/16 v1.4f Standard LaTeX file (size option)
)
\c@part=\count79
\c@section=\count80
\c@subsection=\count81
\c@subsubsection=\count82
\c@paragraph=\count83
\c@subparagraph=\count84
\c@figure=\count85
\c@table=\count86
\abovecaptionskip=\skip41
\belowcaptionskip=\skip42
\bibindent=\dimen102
)
(/usr/share/texmf/tex/latex/natbib/natbib.sty
Package: natbib 2007/02/05 8.0 (PWD)
\bibhang=\skip43
\bibsep=\skip44
LaTeX Info: Redefining \cite on input line 602.
\c@NAT@ctr=\count87
) (./readme.aux)
\openout1 = `readme.aux'.

LaTeX Font Info:    Checking defaults for OML/cmm/m/it on input line 20.
LaTeX Font Info:    ... okay on input line 20.
LaTeX Font Info:    Checking defaults for T1/cmr/m/n on input line 20.
LaTeX Font Info:    ... okay on input line 20.
LaTeX Font Info:    Checking defaults for OT1/cmr/m/n on input line 20.
LaTeX Font Info:    ... okay on input line 20.
LaTeX Font Info:    Checking defaults for OMS/cmsy/m/n on input line 20.
LaTeX Font Info:    ... okay on input line 20.
LaTeX Font Info:    Checking defaults for OMX/cmex/m/n on input line 20.
LaTeX Font Info:    ... okay on input line 20.
LaTeX Font Info:    Checking defaults for U/cmr/m/n on input line 20.
LaTeX Font Info:    ... okay on input line 20.
LaTeX Font Info:    External font `cmex10' loaded for size
(Font)              <12> on input line 22.
LaTeX Font Info:    External font `cmex10' loaded for size
(Font)              <8> on input line 22.
LaTeX Font Info:    External font `cmex10' loaded for size
(Font)              <6> on input line 22.
 (./readme.toc)
\tf@toc=\write3
\openout3 = `readme.toc'.


[1

{/var/lib/texmf/fonts/map/pdftex/updmap/pdftex.map}]
LaTeX Font Info:    Try loading font information for OMS+cmr on input line 32.

(/usr/share/texmf/tex/latex/base/omscmr.fd
File: omscmr.fd 1999/05/25 v2.5h Standard LaTeX font definitions
)
LaTeX Font Info:    Font shape `OMS/cmr/m/n' in size <10> not available
(Font)              Font shape `OMS/cmsy/m/n' tried instead on input line 32.

Overfull \hbox (4.53287pt too wide) in paragraph at lines 32--33
[]\OT1/cmr/m/n/10 When us-ing Open-MPI, the MPI[]CART[]CREATE state-ment in mod
mpi.f90
 []


Overfull \hbox (0.12106pt too wide) in paragraph at lines 55--56
[]\OT1/cmr/m/n/10 guard con-struc-tions are re-placed; ther-mo-dy-nam-i-cal 'co
n-stants' 0.622, 0.61,
 []

[2] [3] [4]
Overfull \hbox (6.25087pt too wide) in paragraph at lines 159--160
[]\OT1/cmr/m/it/10 iadv[]mom iadv[]tke iadv[]thl iadv[]qt iadv[]sv(:)\OT1/cmr/m
/n/10 . Chooses the ad-vec-tion scheme
 []

[5]
Overfull \hbox (5.0284pt too wide) in paragraph at lines 178--179
[]\OT1/cmr/m/it/10 l[]sb \OT1/cmr/m/n/10 switch be-tween Seifert-Be-heng pa-ram
-e-ter-i-za-tion (de-fault) and Khairout-
 []

LaTeX Font Info:    External font `cmex10' loaded for size
(Font)              <7> on input line 184.
LaTeX Font Info:    External font `cmex10' loaded for size
(Font)              <5> on input line 184.
[6]
Overfull \hbox (10.44363pt too wide) in paragraph at lines 209--209
[]\OT1/cmr/m/n/10 Calculates La-grangian tracks of mass-less tracer par-ti-cles
. Namelist
 []

[7] [8]
Overfull \hbox (5.30615pt too wide) in paragraph at lines 302--303
\OT1/cmr/m/n/10 If you have a bug re-port, please sub-mit it at the wiki of www
.ablresearch.org/dales
 []

[9] [10] (./readme.aux) ) 
Here is how much of TeX's memory you used:
 520 strings out of 94086
 5734 string characters out of 1167699
 56393 words of memory out of 3500000
 3864 multiletter control sequences out of 10000+50000
 8102 words of font info for 29 fonts, out of 1200000 for 2000
 645 hyphenation exceptions out of 8191
 23i,6n,20p,593b,235s stack positions out of 5000i,500n,6000p,200000b,5000s
</usr/share/texmf/fonts/type1/bluesky/cm/cmbx10.pfb></
usr/share/texmf/fonts/type1/bluesky/cm/cmbx12.pfb></usr/share/texmf/fonts/type1
/bluesky/cm/cmmi10.pfb></usr/share/texmf/fonts/type1/bluesky/cm/cmmi5.pfb></usr
/share/texmf/fonts/type1/bluesky/cm/cmmi7.pfb></usr/share/texmf/fonts/type1/blu
esky/cm/cmr10.pfb></usr/share/texmf/fonts/type1/bluesky/cm/cmr12.pfb></usr/shar
e/texmf/fonts/type1/bluesky/cm/cmr17.pfb></usr/share/texmf/fonts/type1/bluesky/
cm/cmsy10.pfb></usr/share/texmf/fonts/type1/bluesky/cm/cmsy7.pfb></usr/share/te
xmf/fonts/type1/bluesky/cm/cmti10.pfb></usr/share/texmf/fonts/type1/bluesky/cm/
cmtt10.pfb>
Output written on readme.pdf (10 pages, 113046 bytes).
PDF statistics:
 83 PDF objects out of 1000 (max. 8388607)
 0 named destinations out of 1000 (max. 131072)
 1 words of extra memory for PDF output out of 10000 (max. 10000000)

